14-Feb-24 21:58:58 -INFO- main - Reload
14-Feb-24 21:58:59 -INFO- router-vstockcard -> getListByDoc_Total
14-Feb-24 21:58:59 -INFO- router-vstockcard -> wh_id =W001
14-Feb-24 21:58:59 -INFO- router-vstockcard -> type_doc_id =IV
14-Feb-24 21:58:59 -INFO- router-vstockcard -> skip =0
14-Feb-24 21:58:59 -INFO- router-vstockcard -> limit =1000
14-Feb-24 21:58:59 -INFO- router-vstockcard -> doc_date_st =
14-Feb-24 21:58:59 -INFO- router-vstockcard -> doc_date_en =
14-Feb-24 21:59:03 -INFO- router-vstockcard -> getListByDoc
14-Feb-24 21:59:03 -INFO- router-vstockcard -> wh_id =W001
14-Feb-24 21:59:03 -INFO- router-vstockcard -> type_doc_id =IV
14-Feb-24 21:59:03 -INFO- router-vstockcard -> skip =0
14-Feb-24 21:59:03 -INFO- router-vstockcard -> limit =1000
14-Feb-24 21:59:03 -INFO- router-vstockcard -> doc_date =
14-Feb-24 21:59:33 -INFO- router-warehouses -> read_warehouses
14-Feb-24 21:59:33 -INFO- router-vstockcard -> getListByDoc
14-Feb-24 21:59:33 -INFO- router-vstockcard -> wh_id =W001
14-Feb-24 21:59:33 -INFO- router-vstockcard -> type_doc_id =0
14-Feb-24 21:59:33 -INFO- router-vstockcard -> skip =0
14-Feb-24 21:59:33 -INFO- router-vstockcard -> limit =1000
14-Feb-24 21:59:33 -INFO- router-vstockcard -> doc_date =
14-Feb-24 21:59:33 -INFO- router-category -> read_category
14-Feb-24 21:59:33 -INFO- info-router-brand -> read_brand
14-Feb-24 21:59:33 -INFO- info-router-type_doc -> read_type_doc
14-Feb-24 21:59:33 -INFO- router-vstockcard -> getListByDoc_Total
14-Feb-24 21:59:33 -INFO- router-vstockcard -> wh_id =W001
14-Feb-24 21:59:33 -INFO- router-vstockcard -> type_doc_id =0
14-Feb-24 21:59:33 -INFO- router-vstockcard -> skip =0
14-Feb-24 21:59:33 -INFO- router-vstockcard -> limit =1000
14-Feb-24 21:59:33 -INFO- router-vstockcard -> doc_date_st =2024-02-13
14-Feb-24 21:59:33 -INFO- router-vstockcard -> doc_date_en =2024-02-13
14-Feb-24 21:59:33 -INFO- router-vstockcard -> getListByDoc
14-Feb-24 21:59:33 -INFO- router-vstockcard -> wh_id =W001
14-Feb-24 21:59:33 -INFO- router-vstockcard -> type_doc_id =0
14-Feb-24 21:59:33 -INFO- router-vstockcard -> skip =0
14-Feb-24 21:59:33 -INFO- router-vstockcard -> limit =1000
14-Feb-24 21:59:33 -INFO- router-vstockcard -> doc_date =
14-Feb-24 21:59:34 -INFO- router-vstockcard -> getListByDoc_Total
14-Feb-24 21:59:34 -INFO- router-vstockcard -> wh_id =W001
14-Feb-24 21:59:34 -INFO- router-vstockcard -> type_doc_id =0
14-Feb-24 21:59:34 -INFO- router-vstockcard -> skip =0
14-Feb-24 21:59:34 -INFO- router-vstockcard -> limit =1000
14-Feb-24 21:59:34 -INFO- router-vstockcard -> doc_date_st =2024-02-13
14-Feb-24 21:59:34 -INFO- router-vstockcard -> doc_date_en =2024-02-13
14-Feb-24 21:59:43 -INFO- router-warehouses -> read_warehouses
14-Feb-24 21:59:43 -INFO- info-router-brand -> read_brand
14-Feb-24 21:59:43 -INFO- router-category -> read_category
14-Feb-24 21:59:43 -INFO- info-router-type_doc -> read_type_doc
14-Feb-24 21:59:43 -INFO- router-vstockcard -> getListByDoc
14-Feb-24 21:59:43 -INFO- router-vstockcard -> wh_id =W001
14-Feb-24 21:59:43 -INFO- router-vstockcard -> type_doc_id =0
14-Feb-24 21:59:43 -INFO- router-vstockcard -> skip =0
14-Feb-24 21:59:43 -INFO- router-vstockcard -> limit =1000
14-Feb-24 21:59:43 -INFO- router-vstockcard -> doc_date =2024-02-13
14-Feb-24 21:59:43 -INFO- router-vstockcard -> getListByDoc_Total
14-Feb-24 21:59:43 -INFO- router-vstockcard -> wh_id =W001
14-Feb-24 21:59:43 -INFO- router-vstockcard -> type_doc_id =0
14-Feb-24 21:59:43 -INFO- router-vstockcard -> skip =0
14-Feb-24 21:59:43 -INFO- router-vstockcard -> limit =1000
14-Feb-24 21:59:43 -INFO- router-vstockcard -> doc_date_st =2024-02-13
14-Feb-24 21:59:43 -INFO- router-vstockcard -> doc_date_en =2024-02-13
14-Feb-24 21:59:43 -INFO- router-vstockcard -> getListByDoc_Total
14-Feb-24 21:59:43 -INFO- router-vstockcard -> wh_id =W001
14-Feb-24 21:59:43 -INFO- router-vstockcard -> type_doc_id =0
14-Feb-24 21:59:43 -INFO- router-vstockcard -> skip =0
14-Feb-24 21:59:43 -INFO- router-vstockcard -> limit =1000
14-Feb-24 21:59:43 -INFO- router-vstockcard -> doc_date_st =2024-02-13
14-Feb-24 21:59:43 -INFO- router-vstockcard -> doc_date_en =2024-02-13
14-Feb-24 21:59:43 -INFO- router-vstockcard -> getListByDoc
14-Feb-24 21:59:43 -INFO- router-vstockcard -> wh_id =W001
14-Feb-24 21:59:43 -INFO- router-vstockcard -> type_doc_id =0
14-Feb-24 21:59:43 -INFO- router-vstockcard -> skip =0
14-Feb-24 21:59:43 -INFO- router-vstockcard -> limit =1000
14-Feb-24 21:59:43 -INFO- router-vstockcard -> doc_date =2024-02-13
14-Feb-24 21:59:46 -INFO- router-vstockcard -> getListByDoc
14-Feb-24 21:59:46 -INFO- router-vstockcard -> wh_id =W001
14-Feb-24 21:59:46 -INFO- router-vstockcard -> type_doc_id =0
14-Feb-24 21:59:46 -INFO- router-vstockcard -> skip =0
14-Feb-24 21:59:46 -INFO- router-vstockcard -> limit =1000
14-Feb-24 21:59:46 -INFO- router-vstockcard -> doc_date =2024-02-13
14-Feb-24 21:59:46 -INFO- router-vstockcard -> getListByDoc_Total
14-Feb-24 21:59:46 -INFO- router-vstockcard -> wh_id =W001
14-Feb-24 21:59:46 -INFO- router-vstockcard -> type_doc_id =0
14-Feb-24 21:59:46 -INFO- router-vstockcard -> skip =0
14-Feb-24 21:59:46 -INFO- router-vstockcard -> limit =1000
14-Feb-24 21:59:46 -INFO- router-vstockcard -> doc_date_st =2024-02-13
14-Feb-24 21:59:46 -INFO- router-vstockcard -> doc_date_en =2024-02-13
14-Feb-24 22:00:09 -INFO- router-vstockcard -> getListByDoc
14-Feb-24 22:00:09 -INFO- router-vstockcard -> wh_id =W001
14-Feb-24 22:00:09 -INFO- router-vstockcard -> type_doc_id =IV
14-Feb-24 22:00:09 -INFO- router-vstockcard -> skip =0
14-Feb-24 22:00:09 -INFO- router-vstockcard -> limit =1000
14-Feb-24 22:00:09 -INFO- router-vstockcard -> doc_date =2024-02-02
14-Feb-24 22:00:09 -INFO- router-vstockcard -> getListByDoc_Total
14-Feb-24 22:00:09 -INFO- router-vstockcard -> wh_id =W001
14-Feb-24 22:00:09 -INFO- router-vstockcard -> type_doc_id =IV
14-Feb-24 22:00:09 -INFO- router-vstockcard -> skip =0
14-Feb-24 22:00:09 -INFO- router-vstockcard -> limit =1000
14-Feb-24 22:00:09 -INFO- router-vstockcard -> doc_date_st =2024-02-02
14-Feb-24 22:00:09 -INFO- router-vstockcard -> doc_date_en =2024-02-13
